[debug] [2021-04-15T08:43:39.290Z] ----------------------------------------------------------------------
[debug] [2021-04-15T08:43:39.292Z] Command:       D:\Nicky\nodejs\node.exe C:\Users\Angel\AppData\Roaming\npm\node_modules\firebase-tools\lib\bin\firebase.js deploy
[debug] [2021-04-15T08:43:39.292Z] CLI Version:   9.10.0
[debug] [2021-04-15T08:43:39.292Z] Platform:      win32
[debug] [2021-04-15T08:43:39.292Z] Node Version:  v14.15.0
[debug] [2021-04-15T08:43:39.293Z] Time:          Thu Apr 15 2021 15:43:39 GMT+0700 (Indochina Time)
[debug] [2021-04-15T08:43:39.293Z] ----------------------------------------------------------------------
[debug] 
[debug] [2021-04-15T08:43:39.300Z] > command requires scopes: ["email","openid","https://www.googleapis.com/auth/cloudplatformprojects.readonly","https://www.googleapis.com/auth/firebase","https://www.googleapis.com/auth/cloud-platform"]
[debug] [2021-04-15T08:43:39.300Z] > authorizing via signed-in user (nickyjovanus2@gmail.com)
[debug] [2021-04-15T08:43:39.300Z] [iam] checking project atmakoreanbbq for permissions ["firebase.projects.get","firebasehosting.sites.update"]
[debug] [2021-04-15T08:43:39.302Z] >>> HTTP REQUEST POST https://cloudresourcemanager.googleapis.com/v1/projects/atmakoreanbbq:testIamPermissions  
 {"permissions":["firebase.projects.get","firebasehosting.sites.update"]}
[debug] [2021-04-15T08:43:41.166Z] <<< HTTP RESPONSE 200 {"content-type":"application/json; charset=UTF-8","vary":"X-Origin, Referer, Origin,Accept-Encoding","date":"Thu, 15 Apr 2021 08:43:51 GMT","server":"ESF","cache-control":"private","x-xss-protection":"0","x-frame-options":"SAMEORIGIN","x-content-type-options":"nosniff","server-timing":"gfet4t7; dur=943","alt-svc":"h3-29=\":443\"; ma=2592000,h3-T051=\":443\"; ma=2592000,h3-Q050=\":443\"; ma=2592000,h3-Q046=\":443\"; ma=2592000,h3-Q043=\":443\"; ma=2592000,quic=\":443\"; ma=2592000; v=\"46,43\"","accept-ranges":"none","transfer-encoding":"chunked"}
[debug] [2021-04-15T08:43:41.168Z] > refreshing access token with scopes: []
[debug] [2021-04-15T08:43:41.169Z] >>> HTTP REQUEST POST https://www.googleapis.com/oauth2/v3/token  
 <request body omitted>
[debug] [2021-04-15T08:43:42.145Z] <<< HTTP RESPONSE 200 {"pragma":"no-cache","expires":"Mon, 01 Jan 1990 00:00:00 GMT","cache-control":"no-cache, no-store, max-age=0, must-revalidate","date":"Thu, 15 Apr 2021 08:43:52 GMT","content-type":"application/json; charset=utf-8","vary":"X-Origin, Referer, Origin,Accept-Encoding","server":"scaffolding on HTTPServer2","x-xss-protection":"0","x-frame-options":"SAMEORIGIN","x-content-type-options":"nosniff","alt-svc":"h3-29=\":443\"; ma=2592000,h3-T051=\":443\"; ma=2592000,h3-Q050=\":443\"; ma=2592000,h3-Q046=\":443\"; ma=2592000,h3-Q043=\":443\"; ma=2592000,quic=\":443\"; ma=2592000; v=\"46,43\"","accept-ranges":"none","transfer-encoding":"chunked"}
[debug] [2021-04-15T08:43:42.167Z] >>> [apiv2][query] GET https://firebase.googleapis.com/v1beta1/projects/atmakoreanbbq [none]
[debug] [2021-04-15T08:43:46.116Z] <<< [apiv2][status] GET https://firebase.googleapis.com/v1beta1/projects/atmakoreanbbq 200
[debug] [2021-04-15T08:43:46.116Z] <<< [apiv2][body] GET https://firebase.googleapis.com/v1beta1/projects/atmakoreanbbq {"projectId":"atmakoreanbbq","projectNumber":"729748714374","displayName":"AtmaKoreanBBQ","name":"projects/atmakoreanbbq","resources":{"hostingSite":"atmakoreanbbq"},"state":"ACTIVE"}
[info] 
[info] === Deploying to 'atmakoreanbbq'...
[info] 
[info] i  deploying hosting 
[debug] [2021-04-15T08:43:46.120Z] > refreshing access token with scopes: ["email","https://www.googleapis.com/auth/cloud-platform","https://www.googleapis.com/auth/cloudplatformprojects.readonly","https://www.googleapis.com/auth/firebase","openid"]
[debug] [2021-04-15T08:43:46.120Z] >>> HTTP REQUEST POST https://www.googleapis.com/oauth2/v3/token  
 <request body omitted>
[debug] [2021-04-15T08:43:46.239Z] <<< HTTP RESPONSE 200 {"date":"Thu, 15 Apr 2021 08:43:57 GMT","expires":"Mon, 01 Jan 1990 00:00:00 GMT","cache-control":"no-cache, no-store, max-age=0, must-revalidate","pragma":"no-cache","content-type":"application/json; charset=utf-8","vary":"X-Origin, Referer, Origin,Accept-Encoding","server":"scaffolding on HTTPServer2","x-xss-protection":"0","x-frame-options":"SAMEORIGIN","x-content-type-options":"nosniff","alt-svc":"h3-29=\":443\"; ma=2592000,h3-T051=\":443\"; ma=2592000,h3-Q050=\":443\"; ma=2592000,h3-Q046=\":443\"; ma=2592000,h3-Q043=\":443\"; ma=2592000,quic=\":443\"; ma=2592000; v=\"46,43\"","accept-ranges":"none","transfer-encoding":"chunked"}
[debug] [2021-04-15T08:43:46.261Z] >>> HTTP REQUEST POST https://firebasehosting.googleapis.com/v1beta1/sites/atmakoreanbbq/versions  
 {"config":{"rewrites":[{"glob":"**","path":"/index.html"}]},"labels":{"deployment-tool":"cli-firebase"}}
